13:45:00 PM: honest node 1 is ready.
13:45:00 PM: node 1 starts mining.
13:45:00 PM: honest node 2 is ready.
13:45:00 PM: node 2 starts mining.
13:45:00 PM: honest node 3 is ready.
13:45:00 PM: node 3 starts mining.
13:45:00 PM: honest node 4 is ready.
13:45:00 PM: node 4 starts mining.
13:45:01 PM: honest node 5 is ready.
13:45:01 PM: node 5 starts mining.
13:45:01 PM: honest node 6 is ready.
13:45:01 PM: node 6 starts mining.
13:45:01 PM: honest node 7 is ready.
13:45:01 PM: One block is dug out. Its mining time is: 0. Its miner is 5. 
13:45:01 PM: node 7 starts mining.
13:45:02 PM: honest node 8 is ready.
13:45:02 PM: node 8 starts mining.
13:45:02 PM: honest node 9 is ready.
13:45:02 PM: node 9 starts mining.
13:45:06 PM: One block is dug out. Its mining time is: 4. Its miner is 6. 
13:45:10 PM: One block is dug out. Its mining time is: 3. Its miner is 4. 
13:45:10 PM: One block is dug out. Its mining time is: 0. Its miner is 2. 
13:45:14 PM: One block is dug out. Its mining time is: 3. Its miner is 2. 
13:45:14 PM: One block is dug out. Its mining time is: 0. Its miner is 2. 
13:45:19 PM: One block is dug out. Its mining time is: 4. Its miner is 7. 
13:45:23 PM: One block is dug out. Its mining time is: 4. Its miner is 7. 
13:45:25 PM: One block is dug out. Its mining time is: 1. Its miner is 5. 
13:45:30 PM: One block is dug out. Its mining time is: 4. Its miner is 7. 
13:45:35 PM: One block is dug out. Its mining time is: 5. Its miner is 7. 
13:45:37 PM: One block is dug out. Its mining time is: 1. Its miner is 4. 
13:45:38 PM: One block is dug out. Its mining time is: 0. Its miner is 1. 
13:45:40 PM: One block is dug out. Its mining time is: 1. Its miner is 1. 
13:45:40 PM: One block is dug out. Its mining time is: 0. Its miner is 4. 
13:45:46 PM: One block is dug out. Its mining time is: 5. Its miner is 4. 
13:45:49 PM: One block is dug out. Its mining time is: 2. Its miner is 5. 
13:45:54 PM: One block is dug out. Its mining time is: 5. Its miner is 6. 
13:45:59 PM: One block is dug out. Its mining time is: 4. Its miner is 1. 
13:45:59 PM: One block is dug out. Its mining time is: 0. Its miner is 4. 
13:46:12 PM: One block is dug out. Its mining time is: 12. Its miner is 9. 
13:46:14 PM: One block is dug out. Its mining time is: 2. Its miner is 7. 
13:46:14 PM: block chain length is: 23
13:46:14 PM: total evil blocks is: 0
13:46:14 PM: average mining time is: 3
13:46:14 PM: maximum mining time is: 12
13:46:14 PM: minimum mining time is: 0
13:46:14 PM: The miner account is:
13:46:14 PM: {5: 3, 6: 2, 4: 5, 2: 3, 7: 5, 1: 3, 9: 1}
