15:34:31 PM: honest node 1 is ready.
15:34:31 PM: node 1 starts mining.
15:34:31 PM: honest node 2 is ready.
15:34:31 PM: node 2 starts mining.
15:34:31 PM: honest node 3 is ready.
15:34:31 PM: node 3 starts mining.
15:34:31 PM: honest node 4 is ready.
15:34:31 PM: node 4 starts mining.
15:34:31 PM: honest node 5 is ready.
15:34:31 PM: node 5 starts mining.
15:34:31 PM: honest node 6 is ready.
15:34:31 PM: node 6 starts mining.
15:34:32 PM: honest node 7 is ready.
15:34:32 PM: node 7 starts mining.
15:34:32 PM: honest node 8 is ready.
15:34:32 PM: node 8 starts mining.
15:34:32 PM: honest node 9 is ready.
15:34:32 PM: node 9 starts mining.
15:34:33 PM: evil node 10 is ready.
15:34:33 PM: node 10 starts mining.
15:34:33 PM: evil node 11 is ready.
15:34:33 PM: node 11 starts mining.
15:34:33 PM: evil node 12 is ready.
15:34:33 PM: node 12 starts mining.
15:34:33 PM: evil node 13 is ready.
15:34:33 PM: node 13 starts mining.
15:34:34 PM: One block is dug out. Its mining time is: 0. Its miner is 11. 
15:34:34 PM: Attackers hack the chain at block num 1.
15:34:34 PM: EVIL CHAIN WINS.
15:34:35 PM: One block is dug out. Its mining time is: 1. Its miner is 11. 
15:34:35 PM: One block is dug out. Its mining time is: 0. Its miner is 13. 
15:34:35 PM: One block is dug out. Its mining time is: 0. Its miner is 11. 
15:34:36 PM: One block is dug out. Its mining time is: 0. Its miner is 11. 
15:34:37 PM: One block is dug out. Its mining time is: 1. Its miner is 10. 
15:34:39 PM: One block is dug out. Its mining time is: 1. Its miner is 11. 
15:34:40 PM: One block is dug out. Its mining time is: 0. Its miner is 11. 
15:34:40 PM: One block is dug out. Its mining time is: 0. Its miner is 11. 
15:34:40 PM: One block is dug out. Its mining time is: 0. Its miner is 11. 
15:34:40 PM: One block is dug out. Its mining time is: 0. Its miner is 12. 
15:34:40 PM: One block is dug out. Its mining time is: 0. Its miner is 12. 
15:34:42 PM: One block is dug out. Its mining time is: 1. Its miner is 10. 
15:34:43 PM: One block is dug out. Its mining time is: 1. Its miner is 10. 
15:34:44 PM: One block is dug out. Its mining time is: 1. Its miner is 12. 
15:34:46 PM: One block is dug out. Its mining time is: 1. Its miner is 10. 
15:34:47 PM: One block is dug out. Its mining time is: 0. Its miner is 10. 
15:34:47 PM: One block is dug out. Its mining time is: 0. Its miner is 11. 
15:34:47 PM: One block is dug out. Its mining time is: 0. Its miner is 12. 
15:34:48 PM: One block is dug out. Its mining time is: 0. Its miner is 11. 
15:34:49 PM: One block is dug out. Its mining time is: 0. Its miner is 10. 
15:34:52 PM: One block is dug out. Its mining time is: 2. Its miner is 13. 
15:34:52 PM: One block is dug out. Its mining time is: 0. Its miner is 10. 
15:34:54 PM: One block is dug out. Its mining time is: 1. Its miner is 10. 
15:34:54 PM: One block is dug out. Its mining time is: 0. Its miner is 10. 
15:34:54 PM: One block is dug out. Its mining time is: 0. Its miner is 10. 
15:34:54 PM: One block is dug out. Its mining time is: 0. Its miner is 12. 
15:35:02 PM: One block is dug out. Its mining time is: 7. Its miner is 12. 
15:35:06 PM: One block is dug out. Its mining time is: 4. Its miner is 12. 
15:36:14 PM: One block is dug out. Its mining time is: 102. Its miner is 7. 
15:36:14 PM: One block is dug out. Its mining time is: 0. Its miner is 6. 
15:36:15 PM: One block is dug out. Its mining time is: 0. Its miner is 6. 
15:36:15 PM: One block is dug out. Its mining time is: 0. Its miner is 2. 
15:36:15 PM: One block is dug out. Its mining time is: 0. Its miner is 2. 
15:36:16 PM: One block is dug out. Its mining time is: 0. Its miner is 4. 
15:36:17 PM: One block is dug out. Its mining time is: 0. Its miner is 5. 
15:36:17 PM: One block is dug out. Its mining time is: 0. Its miner is 3. 
15:36:17 PM: One block is dug out. Its mining time is: 0. Its miner is 6. 
15:36:17 PM: One block is dug out. Its mining time is: 0. Its miner is 3. 
15:36:18 PM: One block is dug out. Its mining time is: 0. Its miner is 2. 
15:36:18 PM: One block is dug out. Its mining time is: 0. Its miner is 2. 
15:36:18 PM: One block is dug out. Its mining time is: 0. Its miner is 1. 
15:36:18 PM: One block is dug out. Its mining time is: 0. Its miner is 7. 
15:36:18 PM: One block is dug out. Its mining time is: 0. Its miner is 4. 
15:36:19 PM: One block is dug out. Its mining time is: 0. Its miner is 7. 
15:36:20 PM: One block is dug out. Its mining time is: 1. Its miner is 3. 
15:36:20 PM: One block is dug out. Its mining time is: 0. Its miner is 7. 
15:36:20 PM: One block is dug out. Its mining time is: 0. Its miner is 9. 
15:36:21 PM: One block is dug out. Its mining time is: 0. Its miner is 8. 
15:36:21 PM: One block is dug out. Its mining time is: 0. Its miner is 1. 
15:36:21 PM: One block is dug out. Its mining time is: 0. Its miner is 5. 
15:36:21 PM: One block is dug out. Its mining time is: 0. Its miner is 7. 
15:36:21 PM: One block is dug out. Its mining time is: 0. Its miner is 6. 
15:36:21 PM: One block is dug out. Its mining time is: 0. Its miner is 2. 
15:36:21 PM: One block is dug out. Its mining time is: 0. Its miner is 1. 
15:36:22 PM: One block is dug out. Its mining time is: 1. Its miner is 2. 
15:36:23 PM: One block is dug out. Its mining time is: 0. Its miner is 5. 
15:36:24 PM: One block is dug out. Its mining time is: 0. Its miner is 4. 
15:36:24 PM: One block is dug out. Its mining time is: 0. Its miner is 5. 
15:36:24 PM: One block is dug out. Its mining time is: 0. Its miner is 8. 
15:36:24 PM: One block is dug out. Its mining time is: 0. Its miner is 9. 
15:36:24 PM: One block is dug out. Its mining time is: 0. Its miner is 4. 
15:36:25 PM: One block is dug out. Its mining time is: 0. Its miner is 4. 
15:36:25 PM: block chain length is: 63
15:36:25 PM: total evil blocks is: 19
15:36:25 PM: average mining time is: 2
15:36:25 PM: maximum mining time is: 102
15:36:25 PM: minimum mining time is: 0
15:36:25 PM: The miner account is:
15:36:25 PM: {11: 10, 13: 2, 10: 10, 12: 7, 7: 5, 6: 4, 2: 6, 4: 5, 5: 4, 3: 3, 1: 3, 9: 2, 8: 2}
